<?xml version="1.0" encoding="UTF-8"?>
<!-- Generated by org.testng.reporters.JUnitReportReporter -->
<testsuite name="pk_Allianze_UI.Element_Focused_Or_Not" tests="2" time="23.945" ignored="0" failures="0" timestamp="24 Sep 2019 11:53:30 GMT" skipped="0" hostname="HIBACL131408" errors="0">
  <testcase name="Google_Search_Focus" time="7.583" classname="pk_Allianze_UI.Element_Focused_Or_Not"/>
  <testcase name="Flight_Edit_Focus" time="16.362" classname="pk_Allianze_UI.Element_Focused_Or_Not"/>
</testsuite> <!-- pk_Allianze_UI.Element_Focused_Or_Not -->
