<?xml version="1.0" encoding="UTF-8"?>
<!-- Generated by org.testng.reporters.JUnitReportReporter -->
<testsuite name="pk_Allianze_UI.Verify_Password_EditBox_Masked" tests="1" time="16.931" ignored="0" failures="0" timestamp="29 Aug 2019 11:57:43 GMT" skipped="0" hostname="HIBACL131408" errors="0">
  <testcase name="Button_Image" time="16.931" classname="pk_Allianze_UI.Verify_Password_EditBox_Masked"/>
</testsuite> <!-- pk_Allianze_UI.Verify_Password_EditBox_Masked -->
