<?xml version="1.0" encoding="UTF-8"?>
<!-- Generated by org.testng.reporters.JUnitReportReporter -->
<testsuite name="pk_Allianze_UI.Verify_ErrorMessage" tests="1" time="0.874" ignored="0" failures="0" timestamp="29 Aug 2019 10:24:40 GMT" skipped="0" hostname="HIBACL131408" errors="0">
  <testcase name="HDFCLAlert_Message" time="0.874" classname="pk_Allianze_UI.Verify_ErrorMessage"/>
</testsuite> <!-- pk_Allianze_UI.Verify_ErrorMessage -->
