<?xml version="1.0" encoding="UTF-8"?>
<!-- Generated by org.testng.reporters.JUnitReportReporter -->
<testsuite name="pk_Allianze_UI.Verify_Button_Should_Be_Image" tests="1" time="15.524" ignored="0" failures="0" timestamp="29 Aug 2019 11:31:13 GMT" skipped="0" hostname="HIBACL131408" errors="0">
  <testcase name="Sign_On_Text_Color" time="15.524" classname="pk_Allianze_UI.Verify_Button_Should_Be_Image"/>
</testsuite> <!-- pk_Allianze_UI.Verify_Button_Should_Be_Image -->
