<?xml version="1.0" encoding="UTF-8"?>
<!-- Generated by org.testng.reporters.JUnitReportReporter -->
<testsuite name="pk_Allianze_UI.Verify_EditBox_MaxLength" tests="1" time="15.244" ignored="0" failures="0" timestamp="24 Sep 2019 10:40:15 GMT" skipped="0" hostname="HIBACL131408" errors="0">
  <testcase name="Sign_On_Text_Color" time="15.244" classname="pk_Allianze_UI.Verify_EditBox_MaxLength"/>
</testsuite> <!-- pk_Allianze_UI.Verify_EditBox_MaxLength -->
