<?xml version="1.0" encoding="UTF-8"?>
<!-- Generated by org.testng.reporters.JUnitReportReporter -->
<testsuite name="pk_Allianze_UI.Navigation_Back_Forward_Example" tests="1" time="12.426" ignored="0" failures="0" timestamp="25 Sep 2019 09:41:39 GMT" skipped="0" hostname="HIBACL131408" errors="0">
  <testcase name="Flight_Sign_On" time="12.426" classname="pk_Allianze_UI.Navigation_Back_Forward_Example"/>
</testsuite> <!-- pk_Allianze_UI.Navigation_Back_Forward_Example -->
