<?xml version="1.0" encoding="UTF-8"?>
<!-- Generated by org.testng.reporters.JUnitReportReporter -->
<testsuite name="pk_Allianze_UI.Verify_TextPresernt_In_EditBox" tests="1" time="17.472" ignored="0" failures="0" timestamp="29 Aug 2019 11:20:36 GMT" skipped="0" hostname="HIBACL131408" errors="0">
  <testcase name="Google_Search_Focus" time="17.472" classname="pk_Allianze_UI.Verify_TextPresernt_In_EditBox"/>
</testsuite> <!-- pk_Allianze_UI.Verify_TextPresernt_In_EditBox -->
