<?xml version="1.0" encoding="UTF-8"?>
<!-- Generated by org.testng.reporters.JUnitReportReporter -->
<testsuite name="pk_Allianze_UI.Verify_Title" tests="1" time="45.438" ignored="0" failures="0" timestamp="29 Aug 2019 09:26:28 GMT" skipped="0" hostname="HIBACL131408" errors="0">
  <testcase name="bookticket" time="45.438" classname="pk_Allianze_UI.Verify_Title"/>
</testsuite> <!-- pk_Allianze_UI.Verify_Title -->
