<?xml version="1.0" encoding="UTF-8"?>
<!-- Generated by org.testng.reporters.JUnitReportReporter -->
<testsuite name="pk_Allianze_UI.Verify_Text_Color" tests="1" time="19.026" ignored="0" failures="0" timestamp="25 Sep 2019 05:09:06 GMT" skipped="0" hostname="HIBACL131408" errors="0">
  <testcase name="Sign_On_Text_Color" time="19.026" classname="pk_Allianze_UI.Verify_Text_Color"/>
</testsuite> <!-- pk_Allianze_UI.Verify_Text_Color -->
